2026-01_01 17:01:37 info :	#################################### TEST STARTED #########################################
2026-01_01 17:01:37 info :	Sample Application Login Test
2026-01_01 17:01:16 info :	------------------------------------ STEP STARTED ------------------------------------------
2026-01_01 17:01:17 info :	Step 1: Launching browser with URL: https://practicetestautomation.com/practice-test-login/
2026-01_01 17:01:08 info :	------------------------------------ STEP ENDED --------------------------------------------
2026-01_01 17:01:08 info :	------------------------------------ STEP STARTED ------------------------------------------
2026-01_01 17:01:09 info :	Step 2: Filling text box in locator('//*[@name=\'usernam\']') with data: student
2026-01_01 17:01:96 info :	------------------------------------ STEP ENDED --------------------------------------------
2026-01_01 17:01:36 error :	Test Status: TIMED OUT
2026-01_01 17:01:36 info :	#################################### TEST ENDED #########################################
2026-01_01 17:01:80 info :	#################################### TEST STARTED #########################################
2026-01_01 17:01:80 info :	Sample Application Login Test
2026-01_01 17:01:60 info :	------------------------------------ STEP STARTED ------------------------------------------
2026-01_01 17:01:61 info :	Step 1: Launching browser with URL: https://practicetestautomation.com/practice-test-login/
2026-01_01 17:01:27 info :	------------------------------------ STEP ENDED --------------------------------------------
2026-01_01 17:01:29 info :	------------------------------------ STEP STARTED ------------------------------------------
2026-01_01 17:01:29 info :	Step 2: Filling text box in locator('//*[@name=\'username\']') with data: student
2026-01_01 17:01:37 info :	------------------------------------ STEP ENDED --------------------------------------------
2026-01_01 17:01:37 info :	------------------------------------ STEP STARTED ------------------------------------------
2026-01_01 17:01:37 info :	Step 3: Filling text box in locator('//*[@name=\'password\']') with data: Password123
2026-01_01 17:01:42 info :	------------------------------------ STEP ENDED --------------------------------------------
2026-01_01 17:01:43 info :	------------------------------------ STEP STARTED ------------------------------------------
2026-01_01 17:01:43 info :	Step 4: Clicking on element: locator('#submit')
2026-01_01 17:01:32 info :	------------------------------------ STEP ENDED --------------------------------------------
2026-01_01 17:01:33 info :	------------------------------------ STEP STARTED ------------------------------------------
2026-01_01 17:01:33 info :	Step 5: Performing Axe Scan on page: Login_Page
2026-01_01 17:01:61 info :	*****Axe Scan completed and report generated for Login_Page*****
2026-01_01 17:01:61 info :	------------------------------------ STEP ENDED --------------------------------------------
2026-01_01 17:01:97 info :	Test Status: PASSED
2026-01_01 17:01:97 info :	#################################### TEST ENDED #########################################
2026-01_03 16:01:63 info :	#################################### TEST STARTED #########################################
2026-01_03 16:01:63 info :	Sample Application Login Test
2026-01_03 16:01:68 info :	------------------------------------ STEP STARTED ------------------------------------------
2026-01_03 16:01:68 info :	Step 1: Launching browser with URL: https://practicetestautomation.com/practice-test-login/
2026-01_03 16:01:97 info :	------------------------------------ STEP ENDED --------------------------------------------
2026-01_03 16:01:98 info :	------------------------------------ STEP STARTED ------------------------------------------
2026-01_03 16:01:98 info :	Step 2: Filling text box in locator('//*[@name=\'username\']') with data: student
2026-01_03 16:01:08 info :	------------------------------------ STEP ENDED --------------------------------------------
2026-01_03 16:01:09 info :	------------------------------------ STEP STARTED ------------------------------------------
2026-01_03 16:01:09 info :	Step 3: Filling text box in locator('//*[@name=\'password\']') with data: Password123
2026-01_03 16:01:14 info :	------------------------------------ STEP ENDED --------------------------------------------
2026-01_03 16:01:15 info :	------------------------------------ STEP STARTED ------------------------------------------
2026-01_03 16:01:15 info :	Step 4: Clicking on element: locator('#submit')
2026-01_03 16:01:97 info :	------------------------------------ STEP ENDED --------------------------------------------
2026-01_03 16:01:98 info :	------------------------------------ STEP STARTED ------------------------------------------
2026-01_03 16:01:98 info :	Step 5: Performing Axe Scan on page: Login_Page
2026-01_03 16:01:23 info :	*****Axe Scan completed and report generated for Login_Page*****
2026-01_03 16:01:23 info :	------------------------------------ STEP ENDED --------------------------------------------
2026-01_03 16:01:61 info :	Test Status: PASSED
2026-01_03 16:01:62 info :	#################################### TEST ENDED #########################################
2026-01_03 16:01:58 info :	#################################### TEST STARTED #########################################
2026-01_03 16:01:58 info :	Sample Application Login Test
2026-01_03 16:01:27 info :	------------------------------------ STEP STARTED ------------------------------------------
2026-01_03 16:01:27 info :	Step 1: Launching browser with URL: https://practicetestautomation.com/practice-test-login/
2026-01_03 16:01:93 info :	------------------------------------ STEP ENDED --------------------------------------------
2026-01_03 16:01:95 info :	------------------------------------ STEP STARTED ------------------------------------------
2026-01_03 16:01:95 info :	Step 2: Filling text box in locator('//*[@name=\'username\']') with data: student
2026-01_03 16:01:03 info :	------------------------------------ STEP ENDED --------------------------------------------
2026-01_03 16:01:03 info :	------------------------------------ STEP STARTED ------------------------------------------
2026-01_03 16:01:04 info :	Step 3: Filling text box in locator('//*[@name=\'password\']') with data: Password123
2026-01_03 16:01:07 info :	------------------------------------ STEP ENDED --------------------------------------------
2026-01_03 16:01:08 info :	------------------------------------ STEP STARTED ------------------------------------------
2026-01_03 16:01:08 info :	Step 4: Clicking on element: locator('#submit')
2026-01_03 16:01:93 info :	------------------------------------ STEP ENDED --------------------------------------------
2026-01_03 16:01:94 info :	------------------------------------ STEP STARTED ------------------------------------------
2026-01_03 16:01:94 info :	Step 5: Performing Axe Scan on page: Login_Page
2026-01_03 16:01:07 info :	*****Axe Scan completed and report generated for Login_Page*****
2026-01_03 16:01:07 info :	------------------------------------ STEP ENDED --------------------------------------------
2026-01_03 16:01:35 info :	Test Status: PASSED
2026-01_03 16:01:35 info :	#################################### TEST ENDED #########################################
2026-01_03 16:01:48 info :	#################################### TEST STARTED #########################################
2026-01_03 16:01:48 info :	Sample Application Login Test
2026-01_03 16:01:18 info :	------------------------------------ STEP STARTED ------------------------------------------
2026-01_03 16:01:18 info :	Step 1: Launching browser with URL: https://practicetestautomation.com/practice-test-login/
2026-01_03 16:01:87 info :	------------------------------------ STEP ENDED --------------------------------------------
2026-01_03 16:01:88 info :	------------------------------------ STEP STARTED ------------------------------------------
2026-01_03 16:01:88 info :	Step 2: Filling text box in locator('//*[@name=\'username\']') with data: student
2026-01_03 16:01:98 info :	------------------------------------ STEP ENDED --------------------------------------------
2026-01_03 16:01:99 info :	------------------------------------ STEP STARTED ------------------------------------------
2026-01_03 16:01:99 info :	Step 3: Filling text box in locator('//*[@name=\'password\']') with data: Password123
2026-01_03 16:01:03 info :	------------------------------------ STEP ENDED --------------------------------------------
2026-01_03 16:01:04 info :	------------------------------------ STEP STARTED ------------------------------------------
2026-01_03 16:01:04 info :	Step 4: Clicking on element: locator('#submit')
2026-01_03 16:01:21 info :	------------------------------------ STEP ENDED --------------------------------------------
2026-01_03 16:01:22 info :	------------------------------------ STEP STARTED ------------------------------------------
2026-01_03 16:01:22 info :	Step 5: Performing Axe Scan on page: Login_Page
2026-01_03 16:01:36 info :	*****Axe Scan completed and report generated for Login_Page*****
2026-01_03 16:01:36 info :	------------------------------------ STEP ENDED --------------------------------------------
2026-01_03 16:01:64 info :	Test Status: PASSED
2026-01_03 16:01:64 info :	#################################### TEST ENDED #########################################
2026-01_03 17:01:73 info :	#################################### TEST STARTED #########################################
2026-01_03 17:01:74 info :	Sample Application Login Test
2026-01_03 17:01:49 info :	------------------------------------ STEP STARTED ------------------------------------------
2026-01_03 17:01:49 info :	Step 1: Launching browser with URL: https://practicetestautomation.com/practice-test-login/
2026-01_03 17:01:69 info :	------------------------------------ STEP ENDED --------------------------------------------
2026-01_03 17:01:70 info :	------------------------------------ STEP STARTED ------------------------------------------
2026-01_03 17:01:70 info :	Step 2: Filling text box in locator('//*[@name=\'username\']') with data: student
2026-01_03 17:01:80 info :	------------------------------------ STEP ENDED --------------------------------------------
2026-01_03 17:01:81 info :	------------------------------------ STEP STARTED ------------------------------------------
2026-01_03 17:01:81 info :	Step 3: Filling text box in locator('//*[@name=\'password\']') with data: Password123
2026-01_03 17:01:86 info :	------------------------------------ STEP ENDED --------------------------------------------
2026-01_03 17:01:87 info :	------------------------------------ STEP STARTED ------------------------------------------
2026-01_03 17:01:87 info :	Step 4: Clicking on element: locator('#submit')
2026-01_03 17:01:47 info :	------------------------------------ STEP ENDED --------------------------------------------
2026-01_03 17:01:47 info :	------------------------------------ STEP STARTED ------------------------------------------
2026-01_03 17:01:47 info :	Step 5: Performing Axe Scan on page: Login_Page
2026-01_03 17:01:49 info :	*****Axe Scan completed and report generated for Login_Page*****
2026-01_03 17:01:48 info :	------------------------------------ STEP ENDED --------------------------------------------
2026-01_03 17:01:73 info :	Test Status: PASSED
2026-01_03 17:01:73 info :	#################################### TEST ENDED #########################################
2026-01_03 17:01:13 info :	#################################### TEST STARTED #########################################
2026-01_03 17:01:13 info :	Login Test with anil and kumar
2026-01_03 17:01:14 info :	Test Status: PASSED
2026-01_03 17:01:14 info :	#################################### TEST ENDED #########################################
2026-01_03 17:01:15 info :	#################################### TEST STARTED #########################################
2026-01_03 17:01:15 info :	Login Test with kumar and anil
2026-01_03 17:01:16 info :	Test Status: PASSED
2026-01_03 17:01:16 info :	#################################### TEST ENDED #########################################
2026-01_03 17:01:16 info :	#################################### TEST STARTED #########################################
2026-01_03 17:01:16 info :	Sample Application Login Test
2026-01_03 17:01:68 info :	------------------------------------ STEP STARTED ------------------------------------------
2026-01_03 17:01:68 info :	Step 1: Launching browser with URL: https://practicetestautomation.com/practice-test-login/
2026-01_03 17:01:48 info :	------------------------------------ STEP ENDED --------------------------------------------
2026-01_03 17:01:48 info :	------------------------------------ STEP STARTED ------------------------------------------
2026-01_03 17:01:48 info :	Step 2: Filling text box in locator('//*[@name=\'username\']') with data: student
2026-01_03 17:01:54 info :	------------------------------------ STEP ENDED --------------------------------------------
2026-01_03 17:01:55 info :	------------------------------------ STEP STARTED ------------------------------------------
2026-01_03 17:01:55 info :	Step 3: Filling text box in locator('//*[@name=\'password\']') with data: Password123
2026-01_03 17:01:57 info :	------------------------------------ STEP ENDED --------------------------------------------
2026-01_03 17:01:57 info :	------------------------------------ STEP STARTED ------------------------------------------
2026-01_03 17:01:57 info :	Step 4: Clicking on element: locator('#submit')
2026-01_03 17:01:91 info :	------------------------------------ STEP ENDED --------------------------------------------
2026-01_03 17:01:91 info :	------------------------------------ STEP STARTED ------------------------------------------
2026-01_03 17:01:91 info :	Step 5: Performing Axe Scan on page: Login_Page
2026-01_03 17:01:50 info :	*****Axe Scan completed and report generated for Login_Page*****
2026-01_03 17:01:50 info :	------------------------------------ STEP ENDED --------------------------------------------
2026-01_03 17:01:67 info :	Test Status: PASSED
2026-01_03 17:01:67 info :	#################################### TEST ENDED #########################################
2026-01_03 17:01:56 info :	*****Axe Scan is disabled , to enable set AXETOGGLE=true in .env file*****
2026-01_03 17:01:26 info :	*****Axe Scan is disabled , to enable set AXETOGGLE=true in .env file*****
2026-01_03 17:01:51 info :	#################################### TEST STARTED #########################################
2026-01_03 17:01:51 info :	Login Test with student and Password123
2026-01_03 17:01:02 info :	------------------------------------ STEP STARTED ------------------------------------------
2026-01_03 17:01:02 info :	Step 1: Launching browser with URL: https://practicetestautomation.com/practice-test-login/
2026-01_03 17:01:98 info :	------------------------------------ STEP ENDED --------------------------------------------
2026-01_03 17:01:99 info :	------------------------------------ STEP STARTED ------------------------------------------
2026-01_03 17:01:99 info :	Step 2: Filling text box in locator('//*[@name=\'username\']') with data: student
2026-01_03 17:01:06 info :	------------------------------------ STEP ENDED --------------------------------------------
2026-01_03 17:01:06 info :	------------------------------------ STEP STARTED ------------------------------------------
2026-01_03 17:01:06 info :	Step 3: Filling text box in locator('//*[@name=\'password\']') with data: Password123
2026-01_03 17:01:08 info :	------------------------------------ STEP ENDED --------------------------------------------
2026-01_03 17:01:09 info :	------------------------------------ STEP STARTED ------------------------------------------
2026-01_03 17:01:09 info :	Step 4: Clicking on element: locator('#submit')
2026-01_03 17:01:91 info :	------------------------------------ STEP ENDED --------------------------------------------
2026-01_03 17:01:21 info :	Test Status: PASSED
2026-01_03 17:01:21 info :	#################################### TEST ENDED #########################################
2026-01_03 17:01:22 info :	#################################### TEST STARTED #########################################
2026-01_03 17:01:22 info :	Login Test with student and Password12
2026-01_03 17:01:49 info :	------------------------------------ STEP STARTED ------------------------------------------
2026-01_03 17:01:50 info :	Step 1: Launching browser with URL: https://practicetestautomation.com/practice-test-login/
2026-01_03 17:01:46 info :	------------------------------------ STEP ENDED --------------------------------------------
2026-01_03 17:01:46 info :	------------------------------------ STEP STARTED ------------------------------------------
2026-01_03 17:01:46 info :	Step 2: Filling text box in locator('//*[@name=\'username\']') with data: student
2026-01_03 17:01:50 info :	------------------------------------ STEP ENDED --------------------------------------------
2026-01_03 17:01:51 info :	------------------------------------ STEP STARTED ------------------------------------------
2026-01_03 17:01:51 info :	Step 3: Filling text box in locator('//*[@name=\'password\']') with data: Password12
2026-01_03 17:01:54 info :	------------------------------------ STEP ENDED --------------------------------------------
2026-01_03 17:01:54 info :	------------------------------------ STEP STARTED ------------------------------------------
2026-01_03 17:01:54 info :	Step 4: Clicking on element: locator('#submit')
2026-01_03 17:01:61 info :	------------------------------------ STEP ENDED --------------------------------------------
2026-01_03 17:01:79 info :	Test Status: PASSED
2026-01_03 17:01:79 info :	#################################### TEST ENDED #########################################
2026-01_03 17:01:80 info :	#################################### TEST STARTED #########################################
2026-01_03 17:01:80 info :	Sample Application Login Test
2026-01_03 17:01:10 info :	------------------------------------ STEP STARTED ------------------------------------------
2026-01_03 17:01:11 info :	Step 1: Launching browser with URL: https://practicetestautomation.com/practice-test-login/
2026-01_03 17:01:14 info :	------------------------------------ STEP ENDED --------------------------------------------
2026-01_03 17:01:14 info :	------------------------------------ STEP STARTED ------------------------------------------
2026-01_03 17:01:14 info :	Step 2: Filling text box in locator('//*[@name=\'username\']') with data: student
2026-01_03 17:01:20 info :	------------------------------------ STEP ENDED --------------------------------------------
2026-01_03 17:01:20 info :	------------------------------------ STEP STARTED ------------------------------------------
2026-01_03 17:01:20 info :	Step 3: Filling text box in locator('//*[@name=\'password\']') with data: Password123
2026-01_03 17:01:22 info :	------------------------------------ STEP ENDED --------------------------------------------
2026-01_03 17:01:22 info :	------------------------------------ STEP STARTED ------------------------------------------
2026-01_03 17:01:23 info :	Step 4: Clicking on element: locator('#submit')
2026-01_03 17:01:98 info :	------------------------------------ STEP ENDED --------------------------------------------
2026-01_03 17:01:98 info :	------------------------------------ STEP STARTED ------------------------------------------
2026-01_03 17:01:98 info :	Step 5: Performing Axe Scan on page: Login_Page
2026-01_03 17:01:61 info :	*****Axe Scan completed and report generated for Login_Page*****
2026-01_03 17:01:61 info :	------------------------------------ STEP ENDED --------------------------------------------
2026-01_03 17:01:75 info :	Test Status: PASSED
2026-01_03 17:01:75 info :	#################################### TEST ENDED #########################################
2026-01_20 22:01:14 info :	#################################### TEST STARTED #########################################
2026-01_20 22:01:14 info :	Login Test with student and Password123
2026-01_20 22:01:18 info :	------------------------------------ STEP STARTED ------------------------------------------
2026-01_20 22:01:18 info :	Step 1: Launching browser with URL: https://practicetestautomation.com/practice-test-login/
2026-01_20 22:01:06 info :	------------------------------------ STEP ENDED --------------------------------------------
2026-01_20 22:01:07 info :	------------------------------------ STEP STARTED ------------------------------------------
2026-01_20 22:01:07 info :	Step 2: Filling text box in locator('//*[@name=\'username\']') with data: student
2026-01_20 22:01:19 info :	------------------------------------ STEP ENDED --------------------------------------------
2026-01_20 22:01:19 info :	------------------------------------ STEP STARTED ------------------------------------------
2026-01_20 22:01:20 info :	Step 3: Filling text box in locator('//*[@name=\'password\']') with data: Password123
2026-01_20 22:01:23 info :	------------------------------------ STEP ENDED --------------------------------------------
2026-01_20 22:01:24 info :	------------------------------------ STEP STARTED ------------------------------------------
2026-01_20 22:01:24 info :	Step 4: Clicking on element: locator('#submit')
2026-01_20 22:01:94 info :	------------------------------------ STEP ENDED --------------------------------------------
2026-01_20 22:01:29 info :	Test Status: PASSED
2026-01_20 22:01:29 info :	#################################### TEST ENDED #########################################
2026-01_20 22:01:30 info :	#################################### TEST STARTED #########################################
2026-01_20 22:01:30 info :	Login Test with student and Password12
2026-01_20 22:01:61 info :	------------------------------------ STEP STARTED ------------------------------------------
2026-01_20 22:01:61 info :	Step 1: Launching browser with URL: https://practicetestautomation.com/practice-test-login/
2026-01_20 22:01:87 info :	------------------------------------ STEP ENDED --------------------------------------------
2026-01_20 22:01:87 info :	------------------------------------ STEP STARTED ------------------------------------------
2026-01_20 22:01:87 info :	Step 2: Filling text box in locator('//*[@name=\'username\']') with data: student
2026-01_20 22:01:93 info :	------------------------------------ STEP ENDED --------------------------------------------
2026-01_20 22:01:93 info :	------------------------------------ STEP STARTED ------------------------------------------
2026-01_20 22:01:94 info :	Step 3: Filling text box in locator('//*[@name=\'password\']') with data: Password12
2026-01_20 22:01:97 info :	------------------------------------ STEP ENDED --------------------------------------------
2026-01_20 22:01:97 info :	------------------------------------ STEP STARTED ------------------------------------------
2026-01_20 22:01:97 info :	Step 4: Clicking on element: locator('#submit')
2026-01_20 22:01:06 info :	------------------------------------ STEP ENDED --------------------------------------------
2026-01_20 22:01:29 info :	Test Status: PASSED
2026-01_20 22:01:29 info :	#################################### TEST ENDED #########################################
2026-01_20 22:01:29 info :	#################################### TEST STARTED #########################################
2026-01_20 22:01:29 info :	Sample Application Login Test
2026-01_20 22:01:53 info :	------------------------------------ STEP STARTED ------------------------------------------
2026-01_20 22:01:53 info :	Step 1: Launching browser with URL: https://practicetestautomation.com/practice-test-login/
2026-01_20 22:01:95 info :	------------------------------------ STEP ENDED --------------------------------------------
2026-01_20 22:01:95 info :	------------------------------------ STEP STARTED ------------------------------------------
2026-01_20 22:01:95 info :	Step 2: Filling text box in locator('//*[@name=\'username\']') with data: student
2026-01_20 22:01:03 info :	------------------------------------ STEP ENDED --------------------------------------------
2026-01_20 22:01:03 info :	------------------------------------ STEP STARTED ------------------------------------------
2026-01_20 22:01:03 info :	Step 3: Filling text box in locator('//*[@name=\'password\']') with data: Password123
2026-01_20 22:01:06 info :	------------------------------------ STEP ENDED --------------------------------------------
2026-01_20 22:01:07 info :	------------------------------------ STEP STARTED ------------------------------------------
2026-01_20 22:01:07 info :	Step 4: Clicking on element: locator('#submit')
2026-01_20 22:01:10 info :	------------------------------------ STEP ENDED --------------------------------------------
2026-01_20 22:01:10 info :	------------------------------------ STEP STARTED ------------------------------------------
2026-01_20 22:01:10 info :	Step 5: Performing Axe Scan on page: Login_Page
2026-01_20 22:01:07 info :	*****Axe Scan completed and report generated for Login_Page*****
2026-01_20 22:01:08 info :	------------------------------------ STEP ENDED --------------------------------------------
2026-01_20 22:01:31 info :	Test Status: PASSED
2026-01_20 22:01:31 info :	#################################### TEST ENDED #########################################
2026-01_25 11:01:69 info :	#################################### TEST STARTED #########################################
2026-01_25 11:01:69 info :	Login Test with student and Password123
2026-01_25 11:01:65 info :	------------------------------------ STEP STARTED ------------------------------------------
2026-01_25 11:01:65 info :	Step 1: Launching browser with URL: https://practicetestautomation.com/practice-test-login/
2026-01_25 11:01:63 info :	------------------------------------ STEP ENDED --------------------------------------------
2026-01_25 11:01:64 info :	------------------------------------ STEP STARTED ------------------------------------------
2026-01_25 11:01:64 info :	Step 2: Filling text box in locator('//*[@name=\'username\']') with data: student
2026-01_25 11:01:74 info :	------------------------------------ STEP ENDED --------------------------------------------
2026-01_25 11:01:74 info :	------------------------------------ STEP STARTED ------------------------------------------
2026-01_25 11:01:74 info :	Step 3: Filling text box in locator('//*[@name=\'password\']') with data: Password123
2026-01_25 11:01:79 info :	------------------------------------ STEP ENDED --------------------------------------------
2026-01_25 11:01:80 info :	------------------------------------ STEP STARTED ------------------------------------------
2026-01_25 11:01:80 info :	Step 4: Clicking on element: locator('#submit')
2026-01_25 11:01:46 info :	------------------------------------ STEP ENDED --------------------------------------------
2026-01_25 11:01:78 info :	Test Status: PASSED
2026-01_25 11:01:78 info :	#################################### TEST ENDED #########################################
2026-01_25 11:01:79 info :	#################################### TEST STARTED #########################################
2026-01_25 11:01:79 info :	Login Test with student and Password12
2026-01_25 11:01:19 info :	------------------------------------ STEP STARTED ------------------------------------------
2026-01_25 11:01:19 info :	Step 1: Launching browser with URL: https://practicetestautomation.com/practice-test-login/
2026-01_25 11:01:76 info :	------------------------------------ STEP ENDED --------------------------------------------
2026-01_25 11:01:76 info :	------------------------------------ STEP STARTED ------------------------------------------
2026-01_25 11:01:76 info :	Step 2: Filling text box in locator('//*[@name=\'username\']') with data: student
2026-01_25 11:01:86 info :	------------------------------------ STEP ENDED --------------------------------------------
2026-01_25 11:01:86 info :	------------------------------------ STEP STARTED ------------------------------------------
2026-01_25 11:01:86 info :	Step 3: Filling text box in locator('//*[@name=\'password\']') with data: Password12
2026-01_25 11:01:92 info :	------------------------------------ STEP ENDED --------------------------------------------
2026-01_25 11:01:92 info :	------------------------------------ STEP STARTED ------------------------------------------
2026-01_25 11:01:92 info :	Step 4: Clicking on element: locator('#submit')
2026-01_25 11:01:02 info :	------------------------------------ STEP ENDED --------------------------------------------
2026-01_25 11:01:24 info :	Test Status: PASSED
2026-01_25 11:01:25 info :	#################################### TEST ENDED #########################################
2026-01_25 11:01:26 info :	#################################### TEST STARTED #########################################
2026-01_25 11:01:26 info :	Sample Application Login Test
2026-01_25 11:01:57 info :	------------------------------------ STEP STARTED ------------------------------------------
2026-01_25 11:01:57 info :	Step 1: Launching browser with URL: https://practicetestautomation.com/practice-test-login/
2026-01_25 11:01:44 info :	------------------------------------ STEP ENDED --------------------------------------------
2026-01_25 11:01:44 info :	------------------------------------ STEP STARTED ------------------------------------------
2026-01_25 11:01:44 info :	Step 2: Filling text box in locator('//*[@name=\'username\']') with data: student
2026-01_25 11:01:53 info :	------------------------------------ STEP ENDED --------------------------------------------
2026-01_25 11:01:53 info :	------------------------------------ STEP STARTED ------------------------------------------
2026-01_25 11:01:53 info :	Step 3: Filling text box in locator('//*[@name=\'password\']') with data: Password123
2026-01_25 11:01:58 info :	------------------------------------ STEP ENDED --------------------------------------------
2026-01_25 11:01:59 info :	------------------------------------ STEP STARTED ------------------------------------------
2026-01_25 11:01:59 info :	Step 4: Clicking on element: locator('#submit')
2026-01_25 11:01:77 info :	------------------------------------ STEP ENDED --------------------------------------------
2026-01_25 11:01:77 info :	------------------------------------ STEP STARTED ------------------------------------------
2026-01_25 11:01:77 info :	Step 5: Performing Axe Scan on page: Login_Page
2026-01_25 11:01:95 info :	*****Axe Scan completed and report generated for Login_Page*****
2026-01_25 11:01:95 info :	------------------------------------ STEP ENDED --------------------------------------------
2026-01_25 11:01:19 info :	Test Status: PASSED
2026-01_25 11:01:20 info :	#################################### TEST ENDED #########################################
